<?xml version="1.0" encoding="UTF-8"?>
<testsuite xmlns:xsi="http://www.w3.org/2001/XMLSchema-instance" xsi:noNamespaceSchemaLocation="https://maven.apache.org/surefire/maven-surefire-plugin/xsd/surefire-test-report-3.0.xsd" version="3.0" name="com.project.cart.controllers.CartControllerTest" time="0.701" tests="5" errors="0" skipped="0" failures="0">
  <properties>
[...]
</properties>
  <testcase name="testGetNonExistentCart" classname="com.project.cart.controllers.CartControllerTest" time="0.138">
    <system-out><![CDATA[2023-09-01T02:55:40.683+02:00  INFO 11336 --- [           main] t.c.s.AnnotationConfigContextLoaderUtils : Could not detect default configuration classes for test class [com.project.cart.controllers.CartControllerTest]: CartControllerTest does not declare any static, non-private, non-final, nested classes annotated with @Configuration.
2023-09-01T02:55:40.691+02:00  INFO 11336 --- [           main] .b.t.c.SpringBootTestContextBootstrapper : Found @SpringBootConfiguration com.project.cart.CartApplication for test class com.project.cart.controllers.CartControllerTest

  .   ____          _            __ _ _
 /\\ / ___'_ __ _ _(_)_ __  __ _ \ \ \ \
( ( )\___ | '_ | '_| | '_ \/ _` | \ \ \ \
 \\/  ___)| |_)| | | | | || (_| |  ) ) ) )
  '  |____| .__|_| |_|_| |_\__, | / / / /
 =========|_|==============|___/=/_/_/_/
 :: Spring Boot ::                (v3.1.3)

2023-09-01T02:55:40.780+02:00  INFO 11336 --- [           main] c.p.cart.controllers.CartControllerTest  : Starting CartControllerTest using Java 20.0.1 with PID 11336 (started by nicolas in /Users/nicolas/Desktop/Personal/Ecommerce)
2023-09-01T02:55:40.780+02:00  INFO 11336 --- [           main] c.p.cart.controllers.CartControllerTest  : No active profile set, falling back to 1 default profile: "default"
2023-09-01T02:55:40.853+02:00  INFO 11336 --- [           main] .s.d.r.c.RepositoryConfigurationDelegate : Bootstrapping Spring Data JPA repositories in DEFAULT mode.
2023-09-01T02:55:40.859+02:00  INFO 11336 --- [           main] .s.d.r.c.RepositoryConfigurationDelegate : Finished Spring Data repository scanning in 6 ms. Found 2 JPA repository interfaces.
2023-09-01T02:55:40.870+02:00  INFO 11336 --- [           main] beddedDataSourceBeanFactoryPostProcessor : Replacing 'dataSource' DataSource bean with embedded version
2023-09-01T02:55:40.886+02:00  INFO 11336 --- [           main] o.s.j.d.e.EmbeddedDatabaseFactory        : Starting embedded database: url='jdbc:h2:mem:3be6d1d5-f30b-4cf6-815b-a85c0d29d103;DB_CLOSE_DELAY=-1;DB_CLOSE_ON_EXIT=false', username='sa'
2023-09-01T02:55:40.901+02:00  INFO 11336 --- [           main] o.hibernate.jpa.internal.util.LogHelper  : HHH000204: Processing PersistenceUnitInfo [name: default]
2023-09-01T02:55:40.905+02:00  INFO 11336 --- [           main] o.h.b.i.BytecodeProviderInitiator        : HHH000021: Bytecode provider name : bytebuddy
2023-09-01T02:55:40.905+02:00  INFO 11336 --- [           main] o.s.o.j.p.SpringPersistenceUnitInfo      : No LoadTimeWeaver setup: ignoring JPA class transformer
2023-09-01T02:55:40.911+02:00  INFO 11336 --- [           main] o.h.b.i.BytecodeProviderInitiator        : HHH000021: Bytecode provider name : bytebuddy
2023-09-01T02:55:40.932+02:00  INFO 11336 --- [           main] o.h.e.t.j.p.i.JtaPlatformInitiator       : HHH000490: Using JtaPlatform implementation: [org.hibernate.engine.transaction.jta.platform.internal.NoJtaPlatform]
Hibernate: create table cart (id uuid not null, created_at timestamp(6), last_activity timestamp(6), primary key (id))
Hibernate: create table product (id integer generated by default as identity, amount float(53) not null, description varchar(255), cart_id uuid, primary key (id))
Hibernate: alter table if exists product add constraint FK4dk3kwbu3jpiq1xxbmkasv9n3 foreign key (cart_id) references cart
2023-09-01T02:55:40.935+02:00  INFO 11336 --- [           main] j.LocalContainerEntityManagerFactoryBean : Initialized JPA EntityManagerFactory for persistence unit 'default'
2023-09-01T02:55:40.996+02:00  INFO 11336 --- [           main] c.p.cart.controllers.CartControllerTest  : Started CartControllerTest in 0.245 seconds (process running for 2.363)
2023-09-01T02:55:41.058+02:00  INFO 11336 --- [           main] o.s.mock.web.MockServletContext          : Initializing Spring TestDispatcherServlet ''
2023-09-01T02:55:41.059+02:00  INFO 11336 --- [           main] o.s.t.web.servlet.TestDispatcherServlet  : Initializing Servlet ''
2023-09-01T02:55:41.060+02:00  INFO 11336 --- [           main] o.s.t.web.servlet.TestDispatcherServlet  : Completed initialization in 0 ms
]]></system-out>
  </testcase>
  <testcase name="testGetCart" classname="com.project.cart.controllers.CartControllerTest" time="0.05">
    <system-out><![CDATA[2023-09-01T02:55:41.150+02:00  INFO 11336 --- [           main] o.s.mock.web.MockServletContext          : Initializing Spring TestDispatcherServlet ''
2023-09-01T02:55:41.150+02:00  INFO 11336 --- [           main] o.s.t.web.servlet.TestDispatcherServlet  : Initializing Servlet ''
2023-09-01T02:55:41.150+02:00  INFO 11336 --- [           main] o.s.t.web.servlet.TestDispatcherServlet  : Completed initialization in 0 ms
]]></system-out>
  </testcase>
  <testcase name="testAddProductsToCart" classname="com.project.cart.controllers.CartControllerTest" time="0.027">
    <system-out><![CDATA[2023-09-01T02:55:41.196+02:00  INFO 11336 --- [           main] o.s.mock.web.MockServletContext          : Initializing Spring TestDispatcherServlet ''
2023-09-01T02:55:41.196+02:00  INFO 11336 --- [           main] o.s.t.web.servlet.TestDispatcherServlet  : Initializing Servlet ''
2023-09-01T02:55:41.196+02:00  INFO 11336 --- [           main] o.s.t.web.servlet.TestDispatcherServlet  : Completed initialization in 0 ms
2023-09-01T02:55:41.218+02:00  INFO 11336 --- [           main] j.LocalContainerEntityManagerFactoryBean : Closing JPA EntityManagerFactory for persistence unit 'default'
]]></system-out>
  </testcase>
  <testcase name="testCreateCart" classname="com.project.cart.controllers.CartControllerTest" time="0.008">
    <system-out><![CDATA[
  .   ____          _            __ _ _
 /\\ / ___'_ __ _ _(_)_ __  __ _ \ \ \ \
( ( )\___ | '_ | '_| | '_ \/ _` | \ \ \ \
 \\/  ___)| |_)| | | | | || (_| |  ) ) ) )
  '  |____| .__|_| |_|_| |_\__, | / / / /
 =========|_|==============|___/=/_/_/_/
 :: Spring Boot ::                (v3.1.3)

2023-09-01T02:55:41.231+02:00  INFO 11336 --- [           main] c.p.cart.controllers.CartControllerTest  : Starting CartControllerTest using Java 20.0.1 with PID 11336 (started by nicolas in /Users/nicolas/Desktop/Personal/Ecommerce)
2023-09-01T02:55:41.232+02:00  INFO 11336 --- [           main] c.p.cart.controllers.CartControllerTest  : No active profile set, falling back to 1 default profile: "default"
2023-09-01T02:55:41.268+02:00  INFO 11336 --- [           main] .s.d.r.c.RepositoryConfigurationDelegate : Bootstrapping Spring Data JPA repositories in DEFAULT mode.
2023-09-01T02:55:41.272+02:00  INFO 11336 --- [           main] .s.d.r.c.RepositoryConfigurationDelegate : Finished Spring Data repository scanning in 4 ms. Found 2 JPA repository interfaces.
2023-09-01T02:55:41.277+02:00  INFO 11336 --- [           main] beddedDataSourceBeanFactoryPostProcessor : Replacing 'dataSource' DataSource bean with embedded version
2023-09-01T02:55:41.284+02:00  INFO 11336 --- [           main] o.s.j.d.e.EmbeddedDatabaseFactory        : Starting embedded database: url='jdbc:h2:mem:53da5b4e-56da-402c-a5cb-37a2edcaa1a0;DB_CLOSE_DELAY=-1;DB_CLOSE_ON_EXIT=false', username='sa'
2023-09-01T02:55:41.293+02:00  INFO 11336 --- [           main] o.hibernate.jpa.internal.util.LogHelper  : HHH000204: Processing PersistenceUnitInfo [name: default]
2023-09-01T02:55:41.296+02:00  INFO 11336 --- [           main] o.h.b.i.BytecodeProviderInitiator        : HHH000021: Bytecode provider name : bytebuddy
2023-09-01T02:55:41.296+02:00  INFO 11336 --- [           main] o.s.o.j.p.SpringPersistenceUnitInfo      : No LoadTimeWeaver setup: ignoring JPA class transformer
2023-09-01T02:55:41.301+02:00  INFO 11336 --- [           main] o.h.b.i.BytecodeProviderInitiator        : HHH000021: Bytecode provider name : bytebuddy
2023-09-01T02:55:41.320+02:00  INFO 11336 --- [           main] o.h.e.t.j.p.i.JtaPlatformInitiator       : HHH000490: Using JtaPlatform implementation: [org.hibernate.engine.transaction.jta.platform.internal.NoJtaPlatform]
Hibernate: create table cart (id uuid not null, created_at timestamp(6), last_activity timestamp(6), primary key (id))
Hibernate: create table product (id integer generated by default as identity, amount float(53) not null, description varchar(255), cart_id uuid, primary key (id))
Hibernate: alter table if exists product add constraint FK4dk3kwbu3jpiq1xxbmkasv9n3 foreign key (cart_id) references cart
2023-09-01T02:55:41.323+02:00  INFO 11336 --- [           main] j.LocalContainerEntityManagerFactoryBean : Initialized JPA EntityManagerFactory for persistence unit 'default'
2023-09-01T02:55:41.365+02:00  INFO 11336 --- [           main] c.p.cart.controllers.CartControllerTest  : Started CartControllerTest in 0.144 seconds (process running for 2.732)
2023-09-01T02:55:41.372+02:00  INFO 11336 --- [           main] o.s.mock.web.MockServletContext          : Initializing Spring TestDispatcherServlet ''
2023-09-01T02:55:41.372+02:00  INFO 11336 --- [           main] o.s.t.web.servlet.TestDispatcherServlet  : Initializing Servlet ''
2023-09-01T02:55:41.372+02:00  INFO 11336 --- [           main] o.s.t.web.servlet.TestDispatcherServlet  : Completed initialization in 0 ms
]]></system-out>
  </testcase>
  <testcase name="testDeleteCart" classname="com.project.cart.controllers.CartControllerTest" time="0.005">
    <system-out><![CDATA[2023-09-01T02:55:41.379+02:00  INFO 11336 --- [           main] o.s.mock.web.MockServletContext          : Initializing Spring TestDispatcherServlet ''
2023-09-01T02:55:41.379+02:00  INFO 11336 --- [           main] o.s.t.web.servlet.TestDispatcherServlet  : Initializing Servlet ''
2023-09-01T02:55:41.379+02:00  INFO 11336 --- [           main] o.s.t.web.servlet.TestDispatcherServlet  : Completed initialization in 0 ms
]]></system-out>
  </testcase>
</testsuite>