<?xml version="1.0" encoding="UTF-8"?>
<testsuite xmlns:xsi="http://www.w3.org/2001/XMLSchema-instance" xsi:noNamespaceSchemaLocation="https://maven.apache.org/surefire/maven-surefire-plugin/xsd/surefire-test-report-3.0.xsd" version="3.0" name="com.project.cart.CartApplicationTests" time="1.838" tests="1" errors="0" skipped="0" failures="0">
  <properties>
[...]
</properties>
  <testcase name="contextLoads" classname="com.project.cart.CartApplicationTests" time="0.29">
    <system-out><![CDATA[01:26:34.379 [main] INFO org.springframework.test.context.support.AnnotationConfigContextLoaderUtils -- Could not detect default configuration classes for test class [com.project.cart.CartApplicationTests]: CartApplicationTests does not declare any static, non-private, non-final, nested classes annotated with @Configuration.
01:26:34.413 [main] INFO org.springframework.boot.test.context.SpringBootTestContextBootstrapper -- Found @SpringBootConfiguration com.project.cart.CartApplication for test class com.project.cart.CartApplicationTests

  .   ____          _            __ _ _
 /\\ / ___'_ __ _ _(_)_ __  __ _ \ \ \ \
( ( )\___ | '_ | '_| | '_ \/ _` | \ \ \ \
 \\/  ___)| |_)| | | | | || (_| |  ) ) ) )
  '  |____| .__|_| |_|_| |_\__, | / / / /
 =========|_|==============|___/=/_/_/_/
 :: Spring Boot ::                (v3.1.3)

2023-08-31T01:26:34.550+02:00  INFO 1843 --- [           main] com.project.cart.CartApplicationTests    : Starting CartApplicationTests using Java 20.0.1 with PID 1843 (started by nicolas in /Users/nicolas/Desktop/Personal/Ecommerce)
2023-08-31T01:26:34.551+02:00  INFO 1843 --- [           main] com.project.cart.CartApplicationTests    : No active profile set, falling back to 1 default profile: "default"
2023-08-31T01:26:34.775+02:00  INFO 1843 --- [           main] .s.d.r.c.RepositoryConfigurationDelegate : Bootstrapping Spring Data JPA repositories in DEFAULT mode.
2023-08-31T01:26:34.796+02:00  INFO 1843 --- [           main] .s.d.r.c.RepositoryConfigurationDelegate : Finished Spring Data repository scanning in 18 ms. Found 2 JPA repository interfaces.
2023-08-31T01:26:34.951+02:00  INFO 1843 --- [           main] o.hibernate.jpa.internal.util.LogHelper  : HHH000204: Processing PersistenceUnitInfo [name: default]
2023-08-31T01:26:34.983+02:00  INFO 1843 --- [           main] org.hibernate.Version                    : HHH000412: Hibernate ORM core version 6.2.7.Final
2023-08-31T01:26:34.984+02:00  INFO 1843 --- [           main] org.hibernate.cfg.Environment            : HHH000406: Using bytecode reflection optimizer
2023-08-31T01:26:35.042+02:00  INFO 1843 --- [           main] o.h.b.i.BytecodeProviderInitiator        : HHH000021: Bytecode provider name : bytebuddy
2023-08-31T01:26:35.093+02:00  INFO 1843 --- [           main] o.s.o.j.p.SpringPersistenceUnitInfo      : No LoadTimeWeaver setup: ignoring JPA class transformer
2023-08-31T01:26:35.100+02:00  INFO 1843 --- [           main] com.zaxxer.hikari.HikariDataSource       : HikariPool-1 - Starting...
2023-08-31T01:26:35.178+02:00  INFO 1843 --- [           main] com.zaxxer.hikari.pool.HikariPool        : HikariPool-1 - Added connection conn0: url=jdbc:h2:mem:testdb user=SA
2023-08-31T01:26:35.179+02:00  INFO 1843 --- [           main] com.zaxxer.hikari.HikariDataSource       : HikariPool-1 - Start completed.
2023-08-31T01:26:35.275+02:00  INFO 1843 --- [           main] o.h.b.i.BytecodeProviderInitiator        : HHH000021: Bytecode provider name : bytebuddy
2023-08-31T01:26:35.523+02:00  INFO 1843 --- [           main] o.h.e.t.j.p.i.JtaPlatformInitiator       : HHH000490: Using JtaPlatform implementation: [org.hibernate.engine.transaction.jta.platform.internal.NoJtaPlatform]
Hibernate: create table cart (id uuid not null, created_at timestamp(6), last_activity timestamp(6), primary key (id))
Hibernate: create table product (id integer generated by default as identity, amount float(53) not null, description varchar(255), cart_id uuid, primary key (id))
Hibernate: alter table if exists product add constraint FK4dk3kwbu3jpiq1xxbmkasv9n3 foreign key (cart_id) references cart
2023-08-31T01:26:35.548+02:00  INFO 1843 --- [           main] j.LocalContainerEntityManagerFactoryBean : Initialized JPA EntityManagerFactory for persistence unit 'default'
2023-08-31T01:26:35.714+02:00  WARN 1843 --- [           main] JpaBaseConfiguration$JpaWebConfiguration : spring.jpa.open-in-view is enabled by default. Therefore, database queries may be performed during view rendering. Explicitly configure spring.jpa.open-in-view to disable this warning
2023-08-31T01:26:35.824+02:00  INFO 1843 --- [           main] o.s.b.a.h2.H2ConsoleAutoConfiguration    : H2 console available at '/h2-console'. Database available at 'jdbc:h2:mem:testdb'
2023-08-31T01:26:35.849+02:00  INFO 1843 --- [           main] com.project.cart.CartApplicationTests    : Started CartApplicationTests in 1.383 seconds (process running for 1.764)
Hibernate: select c1_0.id,c1_0.created_at,c1_0.last_activity from cart c1_0
2023-08-31T01:26:35.906+02:00  INFO 1843 --- [   scheduling-1] com.project.cart.task.ScheduledTask      : Deleted carts complete 2023-08-31T01:26:35.906100 
]]></system-out>
  </testcase>
</testsuite>